# JRE version: Java(TM) SE Runtime Environment (8.0_65-b17) (build 1.8.0_65-b17)
# Java VM: Java HotSpot(TM) 64-Bit Server VM (25.65-b01 mixed mode bsd-amd64 compressed oops)
Heap:
 PSYoungGen      total 220672K, used 209761K [0x0000000795580000, 0x00000007a6480000, 0x00000007c0000000)
  eden space 209408K, 94% used [0x0000000795580000,0x00000007a175f3c8,0x00000007a2200000)
  from space 11264K, 99% used [0x00000007a2200000,0x00000007a2cf9320,0x00000007a2d00000)
  to   space 15360K, 0% used [0x00000007a5580000,0x00000007a5580000,0x00000007a6480000)
 ParOldGen       total 68608K, used 27587K [0x0000000740000000, 0x0000000744300000, 0x0000000795580000)
  object space 68608K, 40% used [0x0000000740000000,0x0000000741af0fb0,0x0000000744300000)
 Metaspace       used 34082K, capacity 34670K, committed 34944K, reserved 1079296K
  class space    used 3979K, capacity 4144K, committed 4224K, reserved 1048576K
GC Heap History (10 events):
Event: 6.256 GC heap before
{Heap before GC invocations=8 (full 0):
 PSYoungGen      total 75776K, used 74456K [0x0000000795580000, 0x000000079ea80000, 0x00000007c0000000)
  eden space 66048K, 100% used [0x0000000795580000,0x0000000799600000,0x0000000799600000)
  from space 9728K, 86% used [0x0000000799600000,0x0000000799e36330,0x0000000799f80000)
  to   space 10240K, 0% used [0x000000079e080000,0x000000079e080000,0x000000079ea80000)
 ParOldGen       total 87552K, used 9914K [0x0000000740000000, 0x0000000745580000, 0x0000000795580000)
  object space 87552K, 11% used [0x0000000740000000,0x00000007409aea98,0x0000000745580000)
 Metaspace       used 18746K, capacity 18818K, committed 19200K, reserved 1067008K
  class space    used 1918K, capacity 1939K, committed 2048K, reserved 1048576K
Event: 6.271 GC heap after
Heap after GC invocations=8 (full 0):
 PSYoungGen      total 142336K, used 8118K [0x0000000795580000, 0x000000079ea80000, 0x00000007c0000000)
  eden space 132096K, 0% used [0x0000000795580000,0x0000000795580000,0x000000079d680000)
  from space 10240K, 79% used [0x000000079e080000,0x000000079e86da98,0x000000079ea80000)
  to   space 10240K, 0% used [0x000000079d680000,0x000000079d680000,0x000000079e080000)
 ParOldGen       total 87552K, used 11226K [0x0000000740000000, 0x0000000745580000, 0x0000000795580000)
  object space 87552K, 12% used [0x0000000740000000,0x0000000740af6a98,0x0000000745580000)
 Metaspace       used 18746K, capacity 18818K, committed 19200K, reserved 1067008K
  class space    used 1918K, capacity 1939K, committed 2048K, reserved 1048576K
}
Event: 7.432 GC heap before
{Heap before GC invocations=9 (full 0):
 PSYoungGen      total 142336K, used 131386K [0x0000000795580000, 0x000000079ea80000, 0x00000007c0000000)
  eden space 132096K, 93% used [0x0000000795580000,0x000000079cde0fc8,0x000000079d680000)
  from space 10240K, 79% used [0x000000079e080000,0x000000079e86da98,0x000000079ea80000)
  to   space 10240K, 0% used [0x000000079d680000,0x000000079d680000,0x000000079e080000)
 ParOldGen       total 87552K, used 11226K [0x0000000740000000, 0x0000000745580000, 0x0000000795580000)
  object space 87552K, 12% used [0x0000000740000000,0x0000000740af6a98,0x0000000745580000)
 Metaspace       used 20910K, capacity 21012K, committed 21248K, reserved 1069056K
  class space    used 2161K, capacity 2198K, committed 2304K, reserved 1048576K
Event: 7.445 GC heap after
Heap after GC invocations=9 (full 0):
 PSYoungGen      total 142336K, used 8513K [0x0000000795580000, 0x00000007a3900000, 0x00000007c0000000)
  eden space 132096K, 0% used [0x0000000795580000,0x0000000795580000,0x000000079d680000)
  from space 10240K, 83% used [0x000000079d680000,0x000000079ded0598,0x000000079e080000)
  to   space 10752K, 0% used [0x00000007a2e80000,0x00000007a2e80000,0x00000007a3900000)
 ParOldGen       total 87552K, used 13897K [0x0000000740000000, 0x0000000745580000, 0x0000000795580000)
  object space 87552K, 15% used [0x0000000740000000,0x0000000740d92708,0x0000000745580000)
 Metaspace       used 20910K, capacity 21012K, committed 21248K, reserved 1069056K
  class space    used 2161K, capacity 2198K, committed 2304K, reserved 1048576K
}
Event: 7.445 GC heap before
{Heap before GC invocations=10 (full 1):
 PSYoungGen      total 142336K, used 8513K [0x0000000795580000, 0x00000007a3900000, 0x00000007c0000000)
  eden space 132096K, 0% used [0x0000000795580000,0x0000000795580000,0x000000079d680000)
  from space 10240K, 83% used [0x000000079d680000,0x000000079ded0598,0x000000079e080000)
  to   space 10752K, 0% used [0x00000007a2e80000,0x00000007a2e80000,0x00000007a3900000)
 ParOldGen       total 87552K, used 13897K [0x0000000740000000, 0x0000000745580000, 0x0000000795580000)
  object space 87552K, 15% used [0x0000000740000000,0x0000000740d92708,0x0000000745580000)
 Metaspace       used 20910K, capacity 21012K, committed 21248K, reserved 1069056K
  class space    used 2161K, capacity 2198K, committed 2304K, reserved 1048576K
Event: 7.528 GC heap after
Heap after GC invocations=10 (full 1):
 PSYoungGen      total 142336K, used 0K [0x0000000795580000, 0x00000007a3900000, 0x00000007c0000000)
  eden space 132096K, 0% used [0x0000000795580000,0x0000000795580000,0x000000079d680000)
  from space 10240K, 0% used [0x000000079d680000,0x000000079d680000,0x000000079e080000)
  to   space 10752K, 0% used [0x00000007a2e80000,0x00000007a2e80000,0x00000007a3900000)
 ParOldGen       total 68608K, used 18963K [0x0000000740000000, 0x0000000744300000, 0x0000000795580000)
  object space 68608K, 27% used [0x0000000740000000,0x0000000741284c90,0x0000000744300000)
 Metaspace       used 20910K, capacity 21012K, committed 21248K, reserved 1069056K
  class space    used 2161K, capacity 2198K, committed 2304K, reserved 1048576K
}
Event: 9.136 GC heap before
{Heap before GC invocations=11 (full 1):
 PSYoungGen      total 142336K, used 132096K [0x0000000795580000, 0x00000007a3900000, 0x00000007c0000000)
  eden space 132096K, 100% used [0x0000000795580000,0x000000079d680000,0x000000079d680000)
  from space 10240K, 0% used [0x000000079d680000,0x000000079d680000,0x000000079e080000)
  to   space 10752K, 0% used [0x00000007a2e80000,0x00000007a2e80000,0x00000007a3900000)
 ParOldGen       total 68608K, used 18963K [0x0000000740000000, 0x0000000744300000, 0x0000000795580000)
  object space 68608K, 27% used [0x0000000740000000,0x0000000741284c90,0x0000000744300000)
 Metaspace       used 23868K, capacity 24114K, committed 24320K, reserved 1071104K
  class space    used 2636K, capacity 2733K, committed 2816K, reserved 1048576K
Event: 9.154 GC heap after
Heap after GC invocations=11 (full 1):
 PSYoungGen      total 190464K, used 9513K [0x0000000795580000, 0x00000007a3800000, 0x00000007c0000000)
  eden space 180736K, 0% used [0x0000000795580000,0x0000000795580000,0x00000007a0600000)
  from space 9728K, 97% used [0x00000007a2e80000,0x00000007a37ca648,0x00000007a3800000)
  to   space 11264K, 0% used [0x00000007a2200000,0x00000007a2200000,0x00000007a2d00000)
 ParOldGen       total 68608K, used 18971K [0x0000000740000000, 0x0000000744300000, 0x0000000795580000)
  object space 68608K, 27% used [0x0000000740000000,0x0000000741286c90,0x0000000744300000)
 Metaspace       used 23868K, capacity 24114K, committed 24320K, reserved 1071104K
  class space    used 2636K, capacity 2733K, committed 2816K, reserved 1048576K
}
Event: 11.182 GC heap before
{Heap before GC invocations=12 (full 1):
 PSYoungGen      total 190464K, used 190249K [0x0000000795580000, 0x00000007a3800000, 0x00000007c0000000)
  eden space 180736K, 100% used [0x0000000795580000,0x00000007a0600000,0x00000007a0600000)
  from space 9728K, 97% used [0x00000007a2e80000,0x00000007a37ca648,0x00000007a3800000)
  to   space 11264K, 0% used [0x00000007a2200000,0x00000007a2200000,0x00000007a2d00000)
 ParOldGen       total 68608K, used 18971K [0x0000000740000000, 0x0000000744300000, 0x0000000795580000)
  object space 68608K, 27% used [0x0000000740000000,0x0000000741286c90,0x0000000744300000)
 Metaspace       used 29370K, capacity 29732K, committed 29952K, reserved 1075200K
  class space    used 3389K, capacity 3475K, committed 3584K, reserved 1048576K
Event: 11.216 GC heap after
Heap after GC invocations=12 (full 1):
 PSYoungGen      total 220672K, used 11236K [0x0000000795580000, 0x00000007a6480000, 0x00000007c0000000)
  eden space 209408K, 0% used [0x0000000795580000,0x0000000795580000,0x00000007a2200000)
  from space 11264K, 99% used [0x00000007a2200000,0x00000007a2cf9320,0x00000007a2d00000)
  to   space 15360K, 0% used [0x00000007a5580000,0x00000007a5580000,0x00000007a6480000)
 ParOldGen       total 68608K, used 27587K [0x0000000740000000, 0x0000000744300000, 0x0000000795580000)
  object space 68608K, 40% used [0x0000000740000000,0x0000000741af0fb0,0x0000000744300000)
 Metaspace       used 29370K, capacity 29732K, committed 29952K, reserved 1075200K
  class space    used 3389K, capacity 3475K, committed 3584K, reserved 1048576K
}

